<?xml version="1.0" encoding="UTF-8" ?>
<testsuite failures="0" time="1.039" errors="3" skipped="6" tests="9" name="Stories.Set_etext_preferences_RunnerClass">
  <properties>
[...]
</properties>
  <testcase time="0.021" classname="Scenario: Set the eText preference in Work Space" name="Given I am on the Global Home page">
    <error message="Could not start a new session. Possible causes are invalid address of the remote server or browser start-up failure.
Build info: version: &apos;2.32.0&apos;, revision: &apos;6c40c187d01409a5dc3b7f8251859150c8af0bcb&apos;, time: &apos;2013-04-09 10:39:28&apos;
System info: os.name: &apos;Windows 7&apos;, os.arch: &apos;x86&apos;, os.version: &apos;6.1&apos;, java.version: &apos;1.7.0_25&apos;
Driver info: driver.version: InternetExplorerDriver" type="org.openqa.selenium.remote.UnreachableBrowserException">org.openqa.selenium.remote.UnreachableBrowserException: Could not start a new session. Possible causes are invalid address of the remote server or browser start-up failure.
Build info: version: &apos;2.32.0&apos;, revision: &apos;6c40c187d01409a5dc3b7f8251859150c8af0bcb&apos;, time: &apos;2013-04-09 10:39:28&apos;
System info: os.name: &apos;Windows 7&apos;, os.arch: &apos;x86&apos;, os.version: &apos;6.1&apos;, java.version: &apos;1.7.0_25&apos;
Driver info: driver.version: InternetExplorerDriver
	at org.openqa.selenium.remote.RemoteWebDriver.execute(RemoteWebDriver.java:548)
	at org.openqa.selenium.remote.RemoteWebDriver.startSession(RemoteWebDriver.java:216)
	at org.openqa.selenium.remote.RemoteWebDriver.startSession(RemoteWebDriver.java:201)
	at org.openqa.selenium.ie.InternetExplorerDriver.setup(InternetExplorerDriver.java:105)
	at org.openqa.selenium.ie.InternetExplorerDriver.&lt;init&gt;(InternetExplorerDriver.java:51)
	at PegasusPages.frmlogin.&lt;init&gt;(frmlogin.java:28)
	at Stories.Set_etext_preferences_StepClass.homepageaccess(Set_etext_preferences_StepClass.java:24)
	at ✽.Given I am on the Global Home page(Stories\Set the etext preferences.feature:5)
Caused by: org.openqa.selenium.WebDriverException: Timed out waiting for driver server to start.
Build info: version: &apos;2.32.0&apos;, revision: &apos;6c40c187d01409a5dc3b7f8251859150c8af0bcb&apos;, time: &apos;2013-04-09 10:39:28&apos;
System info: os.name: &apos;Windows 7&apos;, os.arch: &apos;x86&apos;, os.version: &apos;6.1&apos;, java.version: &apos;1.7.0_25&apos;
Driver info: driver.version: InternetExplorerDriver
	at org.openqa.selenium.remote.service.DriverService.start(DriverService.java:165)
	at org.openqa.selenium.remote.service.DriverCommandExecutor.execute(DriverCommandExecutor.java:62)
	at org.openqa.selenium.remote.RemoteWebDriver.execute(RemoteWebDriver.java:527)
	at org.openqa.selenium.remote.RemoteWebDriver.startSession(RemoteWebDriver.java:216)
	at org.openqa.selenium.remote.RemoteWebDriver.startSession(RemoteWebDriver.java:201)
	at org.openqa.selenium.ie.InternetExplorerDriver.setup(InternetExplorerDriver.java:105)
	at org.openqa.selenium.ie.InternetExplorerDriver.&lt;init&gt;(InternetExplorerDriver.java:51)
	at PegasusPages.frmlogin.&lt;init&gt;(frmlogin.java:28)
	at Stories.Set_etext_preferences_StepClass.homepageaccess(Set_etext_preferences_StepClass.java:24)
	at sun.reflect.NativeMethodAccessorImpl.invoke0(Native Method)
	at sun.reflect.NativeMethodAccessorImpl.invoke(Unknown Source)
	at sun.reflect.DelegatingMethodAccessorImpl.invoke(Unknown Source)
	at java.lang.reflect.Method.invoke(Unknown Source)
	at cucumber.runtime.Utils$1.call(Utils.java:44)
	at cucumber.runtime.Timeout.timeout(Timeout.java:12)
	at cucumber.runtime.Utils.invoke(Utils.java:40)
	at cucumber.runtime.java.JavaStepDefinition.execute(JavaStepDefinition.java:35)
	at cucumber.runtime.StepDefinitionMatch.runStep(StepDefinitionMatch.java:38)
	at cucumber.runtime.Runtime.runStep(Runtime.java:268)
	at cucumber.runtime.model.StepContainer.runStep(StepContainer.java:45)
	at cucumber.runtime.model.StepContainer.runSteps(StepContainer.java:40)
	at cucumber.runtime.model.CucumberScenario.run(CucumberScenario.java:36)
	at cucumber.runtime.junit.ExecutionUnitRunner.run(ExecutionUnitRunner.java:83)
	at cucumber.runtime.junit.FeatureRunner.runChild(FeatureRunner.java:63)
	at cucumber.runtime.junit.FeatureRunner.runChild(FeatureRunner.java:18)
	at org.junit.runners.ParentRunner$3.run(ParentRunner.java:238)
	at org.junit.runners.ParentRunner$1.schedule(ParentRunner.java:63)
	at org.junit.runners.ParentRunner.runChildren(ParentRunner.java:236)
	at org.junit.runners.ParentRunner.access$000(ParentRunner.java:53)
	at org.junit.runners.ParentRunner$2.evaluate(ParentRunner.java:229)
	at org.junit.runners.ParentRunner.run(ParentRunner.java:309)
	at cucumber.runtime.junit.FeatureRunner.run(FeatureRunner.java:70)
	at cucumber.api.junit.Cucumber.runChild(Cucumber.java:77)
	at cucumber.api.junit.Cucumber.runChild(Cucumber.java:37)
	at org.junit.runners.ParentRunner$3.run(ParentRunner.java:238)
	at org.junit.runners.ParentRunner$1.schedule(ParentRunner.java:63)
	at org.junit.runners.ParentRunner.runChildren(ParentRunner.java:236)
	at org.junit.runners.ParentRunner.access$000(ParentRunner.java:53)
	at org.junit.runners.ParentRunner$2.evaluate(ParentRunner.java:229)
	at org.junit.runners.ParentRunner.run(ParentRunner.java:309)
	at cucumber.api.junit.Cucumber.run(Cucumber.java:82)
	at org.apache.maven.surefire.junit4.JUnit4Provider.execute(JUnit4Provider.java:252)
	at org.apache.maven.surefire.junit4.JUnit4Provider.executeTestSet(JUnit4Provider.java:141)
	at org.apache.maven.surefire.junit4.JUnit4Provider.invoke(JUnit4Provider.java:112)
	at sun.reflect.NativeMethodAccessorImpl.invoke0(Native Method)
	at sun.reflect.NativeMethodAccessorImpl.invoke(Unknown Source)
	at sun.reflect.DelegatingMethodAccessorImpl.invoke(Unknown Source)
	at java.lang.reflect.Method.invoke(Unknown Source)
	at org.apache.maven.surefire.util.ReflectionUtils.invokeMethodWithArray(ReflectionUtils.java:189)
	at org.apache.maven.surefire.booter.ProviderFactory$ProviderProxy.invoke(ProviderFactory.java:165)
	at org.apache.maven.surefire.booter.ProviderFactory.invokeProvider(ProviderFactory.java:85)
	at org.apache.maven.surefire.booter.ForkedBooter.runSuitesInProcess(ForkedBooter.java:115)
	at org.apache.maven.surefire.booter.ForkedBooter.main(ForkedBooter.java:75)
Caused by: org.openqa.selenium.net.UrlChecker$TimeoutException: Timed out waiting for [http://localhost:41923/status] to be available after 20004 ms
	at org.openqa.selenium.net.UrlChecker.waitUntilAvailable(UrlChecker.java:104)
	at org.openqa.selenium.remote.service.DriverService.start(DriverService.java:163)
	... 52 more
Caused by: com.google.common.util.concurrent.UncheckedTimeoutException: java.util.concurrent.TimeoutException
	at com.google.common.util.concurrent.SimpleTimeLimiter.callWithTimeout(SimpleTimeLimiter.java:143)
	at org.openqa.selenium.net.UrlChecker.waitUntilAvailable(UrlChecker.java:79)
	... 53 more
Caused by: java.util.concurrent.TimeoutException
	at java.util.concurrent.FutureTask$Sync.innerGet(Unknown Source)
	at java.util.concurrent.FutureTask.get(Unknown Source)
	at com.google.common.util.concurrent.SimpleTimeLimiter.callWithTimeout(SimpleTimeLimiter.java:130)
	... 54 more
</error>
  </testcase>
  <testcase time="0.023" classname="Scenario: Set the eText preference in Work Space" name="Scenario: Set the eText preference in Work Space">
    <error message="Could not start a new session. Possible causes are invalid address of the remote server or browser start-up failure.
Build info: version: &apos;2.32.0&apos;, revision: &apos;6c40c187d01409a5dc3b7f8251859150c8af0bcb&apos;, time: &apos;2013-04-09 10:39:28&apos;
System info: os.name: &apos;Windows 7&apos;, os.arch: &apos;x86&apos;, os.version: &apos;6.1&apos;, java.version: &apos;1.7.0_25&apos;
Driver info: driver.version: InternetExplorerDriver" type="org.openqa.selenium.remote.UnreachableBrowserException">org.openqa.selenium.remote.UnreachableBrowserException: Could not start a new session. Possible causes are invalid address of the remote server or browser start-up failure.
Build info: version: &apos;2.32.0&apos;, revision: &apos;6c40c187d01409a5dc3b7f8251859150c8af0bcb&apos;, time: &apos;2013-04-09 10:39:28&apos;
System info: os.name: &apos;Windows 7&apos;, os.arch: &apos;x86&apos;, os.version: &apos;6.1&apos;, java.version: &apos;1.7.0_25&apos;
Driver info: driver.version: InternetExplorerDriver
	at org.openqa.selenium.remote.RemoteWebDriver.execute(RemoteWebDriver.java:548)
	at org.openqa.selenium.remote.RemoteWebDriver.startSession(RemoteWebDriver.java:216)
	at org.openqa.selenium.remote.RemoteWebDriver.startSession(RemoteWebDriver.java:201)
	at org.openqa.selenium.ie.InternetExplorerDriver.setup(InternetExplorerDriver.java:105)
	at org.openqa.selenium.ie.InternetExplorerDriver.&lt;init&gt;(InternetExplorerDriver.java:51)
	at PegasusPages.frmlogin.&lt;init&gt;(frmlogin.java:28)
	at Stories.Set_etext_preferences_StepClass.homepageaccess(Set_etext_preferences_StepClass.java:24)
	at ✽.Given I am on the Global Home page(Stories\Set the etext preferences.feature:5)
Caused by: org.openqa.selenium.WebDriverException: Timed out waiting for driver server to start.
Build info: version: &apos;2.32.0&apos;, revision: &apos;6c40c187d01409a5dc3b7f8251859150c8af0bcb&apos;, time: &apos;2013-04-09 10:39:28&apos;
System info: os.name: &apos;Windows 7&apos;, os.arch: &apos;x86&apos;, os.version: &apos;6.1&apos;, java.version: &apos;1.7.0_25&apos;
Driver info: driver.version: InternetExplorerDriver
	at org.openqa.selenium.remote.service.DriverService.start(DriverService.java:165)
	at org.openqa.selenium.remote.service.DriverCommandExecutor.execute(DriverCommandExecutor.java:62)
	at org.openqa.selenium.remote.RemoteWebDriver.execute(RemoteWebDriver.java:527)
	at org.openqa.selenium.remote.RemoteWebDriver.startSession(RemoteWebDriver.java:216)
	at org.openqa.selenium.remote.RemoteWebDriver.startSession(RemoteWebDriver.java:201)
	at org.openqa.selenium.ie.InternetExplorerDriver.setup(InternetExplorerDriver.java:105)
	at org.openqa.selenium.ie.InternetExplorerDriver.&lt;init&gt;(InternetExplorerDriver.java:51)
	at PegasusPages.frmlogin.&lt;init&gt;(frmlogin.java:28)
	at Stories.Set_etext_preferences_StepClass.homepageaccess(Set_etext_preferences_StepClass.java:24)
	at sun.reflect.NativeMethodAccessorImpl.invoke0(Native Method)
	at sun.reflect.NativeMethodAccessorImpl.invoke(Unknown Source)
	at sun.reflect.DelegatingMethodAccessorImpl.invoke(Unknown Source)
	at java.lang.reflect.Method.invoke(Unknown Source)
	at cucumber.runtime.Utils$1.call(Utils.java:44)
	at cucumber.runtime.Timeout.timeout(Timeout.java:12)
	at cucumber.runtime.Utils.invoke(Utils.java:40)
	at cucumber.runtime.java.JavaStepDefinition.execute(JavaStepDefinition.java:35)
	at cucumber.runtime.StepDefinitionMatch.runStep(StepDefinitionMatch.java:38)
	at cucumber.runtime.Runtime.runStep(Runtime.java:268)
	at cucumber.runtime.model.StepContainer.runStep(StepContainer.java:45)
	at cucumber.runtime.model.StepContainer.runSteps(StepContainer.java:40)
	at cucumber.runtime.model.CucumberScenario.run(CucumberScenario.java:36)
	at cucumber.runtime.junit.ExecutionUnitRunner.run(ExecutionUnitRunner.java:83)
	at cucumber.runtime.junit.FeatureRunner.runChild(FeatureRunner.java:63)
	at cucumber.runtime.junit.FeatureRunner.runChild(FeatureRunner.java:18)
	at org.junit.runners.ParentRunner$3.run(ParentRunner.java:238)
	at org.junit.runners.ParentRunner$1.schedule(ParentRunner.java:63)
	at org.junit.runners.ParentRunner.runChildren(ParentRunner.java:236)
	at org.junit.runners.ParentRunner.access$000(ParentRunner.java:53)
	at org.junit.runners.ParentRunner$2.evaluate(ParentRunner.java:229)
	at org.junit.runners.ParentRunner.run(ParentRunner.java:309)
	at cucumber.runtime.junit.FeatureRunner.run(FeatureRunner.java:70)
	at cucumber.api.junit.Cucumber.runChild(Cucumber.java:77)
	at cucumber.api.junit.Cucumber.runChild(Cucumber.java:37)
	at org.junit.runners.ParentRunner$3.run(ParentRunner.java:238)
	at org.junit.runners.ParentRunner$1.schedule(ParentRunner.java:63)
	at org.junit.runners.ParentRunner.runChildren(ParentRunner.java:236)
	at org.junit.runners.ParentRunner.access$000(ParentRunner.java:53)
	at org.junit.runners.ParentRunner$2.evaluate(ParentRunner.java:229)
	at org.junit.runners.ParentRunner.run(ParentRunner.java:309)
	at cucumber.api.junit.Cucumber.run(Cucumber.java:82)
	at org.apache.maven.surefire.junit4.JUnit4Provider.execute(JUnit4Provider.java:252)
	at org.apache.maven.surefire.junit4.JUnit4Provider.executeTestSet(JUnit4Provider.java:141)
	at org.apache.maven.surefire.junit4.JUnit4Provider.invoke(JUnit4Provider.java:112)
	at sun.reflect.NativeMethodAccessorImpl.invoke0(Native Method)
	at sun.reflect.NativeMethodAccessorImpl.invoke(Unknown Source)
	at sun.reflect.DelegatingMethodAccessorImpl.invoke(Unknown Source)
	at java.lang.reflect.Method.invoke(Unknown Source)
	at org.apache.maven.surefire.util.ReflectionUtils.invokeMethodWithArray(ReflectionUtils.java:189)
	at org.apache.maven.surefire.booter.ProviderFactory$ProviderProxy.invoke(ProviderFactory.java:165)
	at org.apache.maven.surefire.booter.ProviderFactory.invokeProvider(ProviderFactory.java:85)
	at org.apache.maven.surefire.booter.ForkedBooter.runSuitesInProcess(ForkedBooter.java:115)
	at org.apache.maven.surefire.booter.ForkedBooter.main(ForkedBooter.java:75)
Caused by: org.openqa.selenium.net.UrlChecker$TimeoutException: Timed out waiting for [http://localhost:41923/status] to be available after 20004 ms
	at org.openqa.selenium.net.UrlChecker.waitUntilAvailable(UrlChecker.java:104)
	at org.openqa.selenium.remote.service.DriverService.start(DriverService.java:163)
	... 52 more
Caused by: com.google.common.util.concurrent.UncheckedTimeoutException: java.util.concurrent.TimeoutException
	at com.google.common.util.concurrent.SimpleTimeLimiter.callWithTimeout(SimpleTimeLimiter.java:143)
	at org.openqa.selenium.net.UrlChecker.waitUntilAvailable(UrlChecker.java:79)
	... 53 more
Caused by: java.util.concurrent.TimeoutException
	at java.util.concurrent.FutureTask$Sync.innerGet(Unknown Source)
	at java.util.concurrent.FutureTask.get(Unknown Source)
	at com.google.common.util.concurrent.SimpleTimeLimiter.callWithTimeout(SimpleTimeLimiter.java:130)
	... 54 more
</error>
  </testcase>
  <testcase time="0.128" classname="Scenario: Set the eText preference in Work Space" name="When I enter in the MySpanishLabMaster from the Global Home page as HedWsInstructor">
    <skipped/>
  </testcase>
  <testcase time="0.129" classname="Scenario: Set the eText preference in Work Space" name="And I navigate to the Preferences tab">
    <skipped/>
  </testcase>
  <testcase time="0.13" classname="Scenario: Set the eText preference in Work Space" name="Then I should be on the Preferences page">
    <skipped/>
  </testcase>
  <testcase time="0.137" classname="Scenario: Set the eText preference in Work Space" name="When I select LTI Tools sub tab">
    <skipped/>
    <system-out>@etextpref
Feature: Set etext preferences

  Scenario: Set the eText preference in Work Space                                      &amp;#27;[90m# Stories\Set the etext preferences.feature:4&amp;#27;[0m
    &amp;#27;[90mGiven &amp;#27;[0m&amp;#27;[90mI am on the Global Home page&amp;#27;[0m                                                  &amp;#27;[90m# Set_etext_preferences_StepClass.homepageaccess()&amp;#27;[0m
&amp;#27;[1A    &amp;#27;[31mGiven &amp;#27;[0m&amp;#27;[31mI am on the Global Home page&amp;#27;[0m                                                  &amp;#27;[90m# Set_etext_preferences_StepClass.homepageaccess()&amp;#27;[0m
      &amp;#27;[31morg.openqa.selenium.remote.UnreachableBrowserException: Could not start a new session. Possible causes are invalid address of the remote server or browser start-up failure.
      Build info: version: &apos;2.32.0&apos;, revision: &apos;6c40c187d01409a5dc3b7f8251859150c8af0bcb&apos;, time: &apos;2013-04-09 10:39:28&apos;
      System info: os.name: &apos;Windows 7&apos;, os.arch: &apos;x86&apos;, os.version: &apos;6.1&apos;, java.version: &apos;1.7.0_25&apos;
      Driver info: driver.version: InternetExplorerDriver
      	at org.openqa.selenium.remote.RemoteWebDriver.execute(RemoteWebDriver.java:548)
      	at org.openqa.selenium.remote.RemoteWebDriver.startSession(RemoteWebDriver.java:216)
      	at org.openqa.selenium.remote.RemoteWebDriver.startSession(RemoteWebDriver.java:201)
      	at org.openqa.selenium.ie.InternetExplorerDriver.setup(InternetExplorerDriver.java:105)
      	at org.openqa.selenium.ie.InternetExplorerDriver.&lt;init&gt;(InternetExplorerDriver.java:51)
      	at PegasusPages.frmlogin.&lt;init&gt;(frmlogin.java:28)
      	at Stories.Set_etext_preferences_StepClass.homepageaccess(Set_etext_preferences_StepClass.java:24)
      	at ?.Given I am on the Global Home page(Stories\Set the etext preferences.feature:5)
      Caused by: org.openqa.selenium.WebDriverException: Timed out waiting for driver server to start.
      Build info: version: &apos;2.32.0&apos;, revision: &apos;6c40c187d01409a5dc3b7f8251859150c8af0bcb&apos;, time: &apos;2013-04-09 10:39:28&apos;
      System info: os.name: &apos;Windows 7&apos;, os.arch: &apos;x86&apos;, os.version: &apos;6.1&apos;, java.version: &apos;1.7.0_25&apos;
      Driver info: driver.version: InternetExplorerDriver
      	at org.openqa.selenium.remote.service.DriverService.start(DriverService.java:165)
      	at org.openqa.selenium.remote.service.DriverCommandExecutor.execute(DriverCommandExecutor.java:62)
      	at org.openqa.selenium.remote.RemoteWebDriver.execute(RemoteWebDriver.java:527)
      	at org.openqa.selenium.remote.RemoteWebDriver.startSession(RemoteWebDriver.java:216)
      	at org.openqa.selenium.remote.RemoteWebDriver.startSession(RemoteWebDriver.java:201)
      	at org.openqa.selenium.ie.InternetExplorerDriver.setup(InternetExplorerDriver.java:105)
      	at org.openqa.selenium.ie.InternetExplorerDriver.&lt;init&gt;(InternetExplorerDriver.java:51)
      	at PegasusPages.frmlogin.&lt;init&gt;(frmlogin.java:28)
      	at Stories.Set_etext_preferences_StepClass.homepageaccess(Set_etext_preferences_StepClass.java:24)
      	at sun.reflect.NativeMethodAccessorImpl.invoke0(Native Method)
      	at sun.reflect.NativeMethodAccessorImpl.invoke(Unknown Source)
      	at sun.reflect.DelegatingMethodAccessorImpl.invoke(Unknown Source)
      	at java.lang.reflect.Method.invoke(Unknown Source)
      	at cucumber.runtime.Utils$1.call(Utils.java:44)
      	at cucumber.runtime.Timeout.timeout(Timeout.java:12)
      	at cucumber.runtime.Utils.invoke(Utils.java:40)
      	at cucumber.runtime.java.JavaStepDefinition.execute(JavaStepDefinition.java:35)
      	at cucumber.runtime.StepDefinitionMatch.runStep(StepDefinitionMatch.java:38)
      	at cucumber.runtime.Runtime.runStep(Runtime.java:268)
      	at cucumber.runtime.model.StepContainer.runStep(StepContainer.java:45)
      	at cucumber.runtime.model.StepContainer.runSteps(StepContainer.java:40)
      	at cucumber.runtime.model.CucumberScenario.run(CucumberScenario.java:36)
      	at cucumber.runtime.junit.ExecutionUnitRunner.run(ExecutionUnitRunner.java:83)
      	at cucumber.runtime.junit.FeatureRunner.runChild(FeatureRunner.java:63)
      	at cucumber.runtime.junit.FeatureRunner.runChild(FeatureRunner.java:18)
      	at org.junit.runners.ParentRunner$3.run(ParentRunner.java:238)
      	at org.junit.runners.ParentRunner$1.schedule(ParentRunner.java:63)
      	at org.junit.runners.ParentRunner.runChildren(ParentRunner.java:236)
      	at org.junit.runners.ParentRunner.access$000(ParentRunner.java:53)
      	at org.junit.runners.ParentRunner$2.evaluate(ParentRunner.java:229)
      	at org.junit.runners.ParentRunner.run(ParentRunner.java:309)
      	at cucumber.runtime.junit.FeatureRunner.run(FeatureRunner.java:70)
      	at cucumber.api.junit.Cucumber.runChild(Cucumber.java:77)
      	at cucumber.api.junit.Cucumber.runChild(Cucumber.java:37)
      	at org.junit.runners.ParentRunner$3.run(ParentRunner.java:238)
      	at org.junit.runners.ParentRunner$1.schedule(ParentRunner.java:63)
      	at org.junit.runners.ParentRunner.runChildren(ParentRunner.java:236)
      	at org.junit.runners.ParentRunner.access$000(ParentRunner.java:53)
      	at org.junit.runners.ParentRunner$2.evaluate(ParentRunner.java:229)
      	at org.junit.runners.ParentRunner.run(ParentRunner.java:309)
      	at cucumber.api.junit.Cucumber.run(Cucumber.java:82)
      	at org.apache.maven.surefire.junit4.JUnit4Provider.execute(JUnit4Provider.java:252)
      	at org.apache.maven.surefire.junit4.JUnit4Provider.executeTestSet(JUnit4Provider.java:141)
      	at org.apache.maven.surefire.junit4.JUnit4Provider.invoke(JUnit4Provider.java:112)
      	at sun.reflect.NativeMethodAccessorImpl.invoke0(Native Method)
      	at sun.reflect.NativeMethodAccessorImpl.invoke(Unknown Source)
      	at sun.reflect.DelegatingMethodAccessorImpl.invoke(Unknown Source)
      	at java.lang.reflect.Method.invoke(Unknown Source)
      	at org.apache.maven.surefire.util.ReflectionUtils.invokeMethodWithArray(ReflectionUtils.java:189)
      	at org.apache.maven.surefire.booter.ProviderFactory$ProviderProxy.invoke(ProviderFactory.java:165)
      	at org.apache.maven.surefire.booter.ProviderFactory.invokeProvider(ProviderFactory.java:85)
      	at org.apache.maven.surefire.booter.ForkedBooter.runSuitesInProcess(ForkedBooter.java:115)
      	at org.apache.maven.surefire.booter.ForkedBooter.main(ForkedBooter.java:75)
      Caused by: org.openqa.selenium.net.UrlChecker$TimeoutException: Timed out waiting for [http://localhost:41923/status] to be available after 20004 ms
      	at org.openqa.selenium.net.UrlChecker.waitUntilAvailable(UrlChecker.java:104)
      	at org.openqa.selenium.remote.service.DriverService.start(DriverService.java:163)
      	... 52 more
      Caused by: com.google.common.util.concurrent.UncheckedTimeoutException: java.util.concurrent.TimeoutException
      	at com.google.common.util.concurrent.SimpleTimeLimiter.callWithTimeout(SimpleTimeLimiter.java:143)
      	at org.openqa.selenium.net.UrlChecker.waitUntilAvailable(UrlChecker.java:79)
      	... 53 more
      Caused by: java.util.concurrent.TimeoutException
      	at java.util.concurrent.FutureTask$Sync.innerGet(Unknown Source)
      	at java.util.concurrent.FutureTask.get(Unknown Source)
      	at com.google.common.util.concurrent.SimpleTimeLimiter.callWithTimeout(SimpleTimeLimiter.java:130)
      	... 54 more
      &amp;#27;[0m
    &amp;#27;[90mWhen &amp;#27;[0m&amp;#27;[90mI enter in the MySpanishLabMaster from the Global Home page as HedWsInstructor&amp;#27;[0m &amp;#27;[90m# Set_etext_preferences_StepClass.courseaccess()&amp;#27;[0m
&amp;#27;[1A    &amp;#27;[36mWhen &amp;#27;[0m&amp;#27;[36mI enter in the MySpanishLabMaster from the Global Home page as HedWsInstructor&amp;#27;[0m &amp;#27;[90m# Set_etext_preferences_StepClass.courseaccess()&amp;#27;[0m
    &amp;#27;[90mAnd &amp;#27;[0m&amp;#27;[90mI navigate to the Preferences tab&amp;#27;[0m                                               &amp;#27;[90m# Set_etext_preferences_StepClass.preferencetabaccess()&amp;#27;[0m
&amp;#27;[1A    &amp;#27;[36mAnd &amp;#27;[0m&amp;#27;[36mI navigate to the Preferences tab&amp;#27;[0m                                               &amp;#27;[90m# Set_etext_preferences_StepClass.preferencetabaccess()&amp;#27;[0m
    &amp;#27;[90mThen &amp;#27;[0m&amp;#27;[90mI should be on the Preferences page&amp;#27;[0m                                            &amp;#27;[90m# Set_etext_preferences_StepClass.preferencepagevalidatior()&amp;#27;[0m
&amp;#27;[1A    &amp;#27;[36mThen &amp;#27;[0m&amp;#27;[36mI </system-out>
  </testcase>
  <testcase time="0.157" classname="Scenario: Set the eText preference in Work Space" name="And I set the eText in enable state">
    <skipped/>
  </testcase>
  <testcase time="0.157" classname="Scenario: Set the eText preference in Work Space" name="Then I should see the successfull message Preferences updated successfully">
    <skipped/>
  </testcase>
  <testcase time="0.157" classname="Scenario: Set the eText preference in Work Space" name="Scenario: Set the eText preference in Work Space">
    <error type="java.lang.NullPointerException">java.lang.NullPointerException
	at Stories.Set_etext_preferences_StepClass.driverquit(Set_etext_preferences_StepClass.java:84)
	at sun.reflect.NativeMethodAccessorImpl.invoke0(Native Method)
	at sun.reflect.NativeMethodAccessorImpl.invoke(Unknown Source)
	at sun.reflect.DelegatingMethodAccessorImpl.invoke(Unknown Source)
	at java.lang.reflect.Method.invoke(Unknown Source)
	at cucumber.runtime.Utils$1.call(Utils.java:44)
	at cucumber.runtime.Timeout.timeout(Timeout.java:12)
	at cucumber.runtime.Utils.invoke(Utils.java:40)
	at cucumber.runtime.java.JavaHookDefinition.execute(JavaHookDefinition.java:59)
	at cucumber.runtime.Runtime.runHookIfTagsMatch(Runtime.java:194)
	at cucumber.runtime.Runtime.runHooks(Runtime.java:185)
	at cucumber.runtime.Runtime.runAfterHooks(Runtime.java:179)
	at cucumber.runtime.model.CucumberScenario.run(CucumberScenario.java:38)
	at cucumber.runtime.junit.ExecutionUnitRunner.run(ExecutionUnitRunner.java:83)
	at cucumber.runtime.junit.FeatureRunner.runChild(FeatureRunner.java:63)
	at cucumber.runtime.junit.FeatureRunner.runChild(FeatureRunner.java:18)
	at org.junit.runners.ParentRunner$3.run(ParentRunner.java:238)
	at org.junit.runners.ParentRunner$1.schedule(ParentRunner.java:63)
	at org.junit.runners.ParentRunner.runChildren(ParentRunner.java:236)
	at org.junit.runners.ParentRunner.access$000(ParentRunner.java:53)
	at org.junit.runners.ParentRunner$2.evaluate(ParentRunner.java:229)
	at org.junit.runners.ParentRunner.run(ParentRunner.java:309)
	at cucumber.runtime.junit.FeatureRunner.run(FeatureRunner.java:70)
	at cucumber.api.junit.Cucumber.runChild(Cucumber.java:77)
	at cucumber.api.junit.Cucumber.runChild(Cucumber.java:37)
	at org.junit.runners.ParentRunner$3.run(ParentRunner.java:238)
	at org.junit.runners.ParentRunner$1.schedule(ParentRunner.java:63)
	at org.junit.runners.ParentRunner.runChildren(ParentRunner.java:236)
	at org.junit.runners.ParentRunner.access$000(ParentRunner.java:53)
	at org.junit.runners.ParentRunner$2.evaluate(ParentRunner.java:229)
	at org.junit.runners.ParentRunner.run(ParentRunner.java:309)
	at cucumber.api.junit.Cucumber.run(Cucumber.java:82)
	at org.apache.maven.surefire.junit4.JUnit4Provider.execute(JUnit4Provider.java:252)
	at org.apache.maven.surefire.junit4.JUnit4Provider.executeTestSet(JUnit4Provider.java:141)
	at org.apache.maven.surefire.junit4.JUnit4Provider.invoke(JUnit4Provider.java:112)
	at sun.reflect.NativeMethodAccessorImpl.invoke0(Native Method)
	at sun.reflect.NativeMethodAccessorImpl.invoke(Unknown Source)
	at sun.reflect.DelegatingMethodAccessorImpl.invoke(Unknown Source)
	at java.lang.reflect.Method.invoke(Unknown Source)
	at org.apache.maven.surefire.util.ReflectionUtils.invokeMethodWithArray(ReflectionUtils.java:189)
	at org.apache.maven.surefire.booter.ProviderFactory$ProviderProxy.invoke(ProviderFactory.java:165)
	at org.apache.maven.surefire.booter.ProviderFactory.invokeProvider(ProviderFactory.java:85)
	at org.apache.maven.surefire.booter.ForkedBooter.runSuitesInProcess(ForkedBooter.java:115)
	at org.apache.maven.surefire.booter.ForkedBooter.main(ForkedBooter.java:75)
</error>
  </testcase>
</testsuite>