<?xml version="1.0" encoding="UTF-8" ?>
<testsuite failures="0" time="1.349" errors="0" skipped="0" tests="10" name="Stories.LaunchEtextByEcollegeInstructor_RunnerClass">
  <properties>
[...]
</properties>
  <testcase time="0.005" classname="Scenario: To Add eTextLink in course material tab by ECollege Teacher" name="Given instructor is logged into application"/>
  <testcase time="0" classname="Scenario: To Add eTextLink in course material tab by ECollege Teacher" name="When user access course"/>
  <testcase time="0.001" classname="Scenario: To Add eTextLink in course material tab by ECollege Teacher" name="Then Course Home page should display"/>
  <testcase time="0" classname="Scenario: To Add eTextLink in course material tab by ECollege Teacher" name="When I navigate to the Course Materials tab"/>
  <testcase time="0.001" classname="Scenario: To Add eTextLink in course material tab by ECollege Teacher" name="Then I should be on the Course Materials page"/>
  <testcase time="0.004" classname="Scenario: To Add eTextLink in course material tab by ECollege Teacher" name="When I click on the Add Course Materials option"/>
  <testcase time="0" classname="Scenario: To Add eTextLink in course material tab by ECollege Teacher" name="And I click on the Add eText Link activity type"/>
  <testcase time="0" classname="Scenario: To Add eTextLink in course material tab by ECollege Teacher" name="And I create eText link"/>
  <testcase time="0" classname="Scenario: To Add eTextLink in course material tab by ECollege Teacher" name="Then I should see the successfull message eText link saved successfully"/>
  <testcase time="1.338" classname="Scenario: To Add eTextLink in course material tab by ECollege Teacher" name="Scenario: To Add eTextLink in course material tab by ECollege Teacher"/>
</testsuite>